INFO:root:Total Records: 9658
INFO:root:Unique Users: 5879
INFO:root:Records without User ID: 514
INFO:root:Duplicate Events: 179
INFO:root:Total Records: 9658
INFO:root:Unique Users: 5879
INFO:root:Records without User ID: 514
INFO:root:Duplicate Events: 179
INFO:root:Total Records: 9658
INFO:root:Unique Users: 5879
INFO:root:Records without User ID: 514
INFO:root:Duplicate Events: 179
INFO:root:Total Records: 9658
INFO:root:Unique Users: 5879
INFO:root:Records without User ID: 514
INFO:root:Duplicate Events: 179
INFO:root:Total Records: 9658
INFO:root:Unique Users: 5879
INFO:root:Records without User ID: 514
INFO:root:Duplicate Events: 179
INFO:root:Total Records: 9658
INFO:root:Unique Events: 9546
INFO:root:Duplicate Events: 112
INFO:root:Total Records: 9658
INFO:root:Unique Events: 9546
INFO:root:Duplicate Events: 112
